Flow report for LogicalStep_Lab2_top
Fri Jan 26 19:19:37 2018
Quartus Prime Version 15.1.0 Build 185 10/21/2015 SJ Standard Edition


---------------------
; Table of Contents ;
---------------------
  1. Legal Notice
  2. Flow Summary
  3. Flow Settings
  4. Flow Non-Default Global Settings
  5. Flow Elapsed Time
  6. Flow OS Summary
  7. Flow Log
  8. Flow Messages
  9. Flow Suppressed Messages



----------------
; Legal Notice ;
----------------
Copyright (C) 1991-2015 Altera Corporation. All rights reserved.
Your use of Altera Corporation's design tools, logic functions 
and other software and tools, and its AMPP partner logic 
functions, and any output files from any of the foregoing 
(including device programming or simulation files), and any 
associated documentation or information are expressly subject 
to the terms and conditions of the Altera Program License 
Subscription Agreement, the Altera Quartus Prime License Agreement,
the Altera MegaCore Function License Agreement, or other 
applicable license agreement, including, without limitation, 
that your use is for the sole purpose of programming logic 
devices manufactured by Altera and sold by Altera or its 
authorized distributors.  Please refer to the applicable 
agreement for further details.



+--------------------------------------------------------------------------------------+
; Flow Summary                                                                         ;
+------------------------------------+-------------------------------------------------+
; Flow Status                        ; Successful - Fri Jan 26 19:19:37 2018           ;
; Quartus Prime Version              ; 15.1.0 Build 185 10/21/2015 SJ Standard Edition ;
; Revision Name                      ; LogicalStep_Lab2_top                            ;
; Top-level Entity Name              ; LogicalStep_Lab2_top                            ;
; Family                             ; MAX 10                                          ;
; Device                             ; 10M08SAE144C8G                                  ;
; Timing Models                      ; Final                                           ;
; Total logic elements               ; N/A until Partition Merge                       ;
;     Total combinational functions  ; N/A until Partition Merge                       ;
;     Dedicated logic registers      ; N/A until Partition Merge                       ;
; Total registers                    ; N/A until Partition Merge                       ;
; Total pins                         ; N/A until Partition Merge                       ;
; Total virtual pins                 ; N/A until Partition Merge                       ;
; Total memory bits                  ; N/A until Partition Merge                       ;
; Embedded Multiplier 9-bit elements ; N/A until Partition Merge                       ;
; Total PLLs                         ; N/A until Partition Merge                       ;
; UFM blocks                         ; N/A until Partition Merge                       ;
; ADC blocks                         ; N/A until Partition Merge                       ;
+------------------------------------+-------------------------------------------------+


+------------------------------------------+
; Flow Settings                            ;
+-------------------+----------------------+
; Option            ; Setting              ;
+-------------------+----------------------+
; Start date & time ; 01/26/2018 18:30:45  ;
; Main task         ; Compilation          ;
; Revision Name     ; LogicalStep_Lab2_top ;
+-------------------+----------------------+


+----------------------------------------------------------------------------------------------------------------------------+
; Flow Non-Default Global Settings                                                                                           ;
+-------------------------------------+---------------------------------------+---------------+-------------+----------------+
; Assignment Name                     ; Value                                 ; Default Value ; Entity Name ; Section Id     ;
+-------------------------------------+---------------------------------------+---------------+-------------+----------------+
; COMPILER_SIGNATURE_ID               ; 268612362185104.151700944504948       ; --            ; --          ; --             ;
; EDA_OUTPUT_DATA_FORMAT              ; Vhdl                                  ; --            ; --          ; eda_simulation ;
; EDA_SIMULATION_TOOL                 ; ModelSim-Altera (VHDL)                ; <None>        ; --          ; --             ;
; FLOW_ENABLE_POWER_ANALYZER          ; On                                    ; Off           ; --          ; --             ;
; IOBANK_VCCIO                        ; 3.3V                                  ; --            ; --          ; 1A             ;
; IOBANK_VCCIO                        ; 3.3V                                  ; --            ; --          ; 1B             ;
; IOBANK_VCCIO                        ; 3.3V                                  ; --            ; --          ; 2              ;
; IOBANK_VCCIO                        ; 3.3V                                  ; --            ; --          ; 3              ;
; IOBANK_VCCIO                        ; 3.3V                                  ; --            ; --          ; 4              ;
; IOBANK_VCCIO                        ; 3.3V                                  ; --            ; --          ; 5              ;
; IOBANK_VCCIO                        ; 3.3V                                  ; --            ; --          ; 6              ;
; IOBANK_VCCIO                        ; 3.3V                                  ; --            ; --          ; 7              ;
; IOBANK_VCCIO                        ; 3.3V                                  ; --            ; --          ; 8              ;
; MAX_CORE_JUNCTION_TEMP              ; 85                                    ; --            ; --          ; --             ;
; MIN_CORE_JUNCTION_TEMP              ; 0                                     ; --            ; --          ; --             ;
; OUTPUT_IO_TIMING_FAR_END_VMEAS      ; Half Signal Swing                     ; --            ; --          ; --             ;
; OUTPUT_IO_TIMING_FAR_END_VMEAS      ; Half Signal Swing                     ; --            ; --          ; --             ;
; OUTPUT_IO_TIMING_NEAR_END_VMEAS     ; Half Vccio                            ; --            ; --          ; --             ;
; OUTPUT_IO_TIMING_NEAR_END_VMEAS     ; Half Vccio                            ; --            ; --          ; --             ;
; PARTITION_COLOR                     ; 16764057                              ; --            ; --          ; Top            ;
; PARTITION_FITTER_PRESERVATION_LEVEL ; PLACEMENT_AND_ROUTING                 ; --            ; --          ; Top            ;
; PARTITION_NETLIST_TYPE              ; SOURCE                                ; --            ; --          ; Top            ;
; POWER_BOARD_THERMAL_MODEL           ; None (CONSERVATIVE)                   ; --            ; --          ; --             ;
; POWER_DEFAULT_INPUT_IO_TOGGLE_RATE  ; 12.5 %                                ; 12.5%         ; --          ; --             ;
; POWER_PRESET_COOLING_SOLUTION       ; 23 MM HEAT SINK WITH 200 LFPM AIRFLOW ; --            ; --          ; --             ;
; PROJECT_OUTPUT_DIRECTORY            ; output_files                          ; --            ; --          ; --             ;
; TIMEQUEST_MULTICORNER_ANALYSIS      ; Off                                   ; On            ; --          ; --             ;
+-------------------------------------+---------------------------------------+---------------+-------------+----------------+


+----------------------------------------------------------------------------------------------------------------------------+
; Flow Elapsed Time                                                                                                          ;
+------------------------+--------------+-------------------------+---------------------+------------------------------------+
; Module Name            ; Elapsed Time ; Average Processors Used ; Peak Virtual Memory ; Total CPU Time (on all processors) ;
+------------------------+--------------+-------------------------+---------------------+------------------------------------+
; Analysis & Elaboration ; 00:00:13     ; 1.0                     ; 851 MB              ; 00:00:21                           ;
; EDA Netlist Writer     ; 00:00:00     ; 1.0                     ; 688 MB              ; 00:00:01                           ;
; EDA Netlist Writer     ; 00:00:01     ; 1.0                     ; 692 MB              ; 00:00:01                           ;
; EDA Netlist Writer     ; 00:00:01     ; 1.0                     ; 687 MB              ; 00:00:00                           ;
; EDA Netlist Writer     ; 00:00:01     ; 1.0                     ; 692 MB              ; 00:00:01                           ;
; EDA Netlist Writer     ; 00:00:01     ; 1.0                     ; 688 MB              ; 00:00:00                           ;
; EDA Netlist Writer     ; 00:00:01     ; 1.0                     ; 692 MB              ; 00:00:01                           ;
; EDA Netlist Writer     ; 00:00:00     ; 1.0                     ; 688 MB              ; 00:00:00                           ;
; EDA Netlist Writer     ; 00:00:01     ; 1.0                     ; 692 MB              ; 00:00:01                           ;
; EDA Netlist Writer     ; 00:00:00     ; 1.0                     ; 688 MB              ; 00:00:01                           ;
; EDA Netlist Writer     ; 00:00:01     ; 1.0                     ; 692 MB              ; 00:00:01                           ;
; EDA Netlist Writer     ; 00:00:01     ; 1.0                     ; 688 MB              ; 00:00:01                           ;
; EDA Netlist Writer     ; 00:00:00     ; 1.0                     ; 692 MB              ; 00:00:01                           ;
; EDA Netlist Writer     ; 00:00:01     ; 1.0                     ; 688 MB              ; 00:00:01                           ;
; EDA Netlist Writer     ; 00:00:01     ; 1.0                     ; 692 MB              ; 00:00:01                           ;
; EDA Netlist Writer     ; 00:00:01     ; 1.0                     ; 688 MB              ; 00:00:00                           ;
; EDA Netlist Writer     ; 00:00:00     ; 1.0                     ; 692 MB              ; 00:00:01                           ;
; Total                  ; 00:00:24     ; --                      ; --                  ; 00:00:33                           ;
+------------------------+--------------+-------------------------+---------------------+------------------------------------+


+-------------------------------------------------------------------------------------+
; Flow OS Summary                                                                     ;
+------------------------+------------------+-----------+------------+----------------+
; Module Name            ; Machine Hostname ; OS Name   ; OS Version ; Processor type ;
+------------------------+------------------+-----------+------------+----------------+
; Analysis & Elaboration ; ECE-NUC7i7-033   ; Windows 8 ; 6.2        ; x86_64         ;
; EDA Netlist Writer     ; ECE-NUC7i7-033   ; Windows 8 ; 6.2        ; x86_64         ;
; EDA Netlist Writer     ; ECE-NUC7i7-033   ; Windows 8 ; 6.2        ; x86_64         ;
; EDA Netlist Writer     ; ECE-NUC7i7-033   ; Windows 8 ; 6.2        ; x86_64         ;
; EDA Netlist Writer     ; ECE-NUC7i7-033   ; Windows 8 ; 6.2        ; x86_64         ;
; EDA Netlist Writer     ; ECE-NUC7i7-033   ; Windows 8 ; 6.2        ; x86_64         ;
; EDA Netlist Writer     ; ECE-NUC7i7-033   ; Windows 8 ; 6.2        ; x86_64         ;
; EDA Netlist Writer     ; ECE-NUC7i7-033   ; Windows 8 ; 6.2        ; x86_64         ;
; EDA Netlist Writer     ; ECE-NUC7i7-033   ; Windows 8 ; 6.2        ; x86_64         ;
; EDA Netlist Writer     ; ECE-NUC7i7-033   ; Windows 8 ; 6.2        ; x86_64         ;
; EDA Netlist Writer     ; ECE-NUC7i7-033   ; Windows 8 ; 6.2        ; x86_64         ;
; EDA Netlist Writer     ; ECE-NUC7i7-033   ; Windows 8 ; 6.2        ; x86_64         ;
; EDA Netlist Writer     ; ECE-NUC7i7-033   ; Windows 8 ; 6.2        ; x86_64         ;
; EDA Netlist Writer     ; ECE-NUC7i7-033   ; Windows 8 ; 6.2        ; x86_64         ;
; EDA Netlist Writer     ; ECE-NUC7i7-033   ; Windows 8 ; 6.2        ; x86_64         ;
; EDA Netlist Writer     ; ECE-NUC7i7-033   ; Windows 8 ; 6.2        ; x86_64         ;
; EDA Netlist Writer     ; ECE-NUC7i7-033   ; Windows 8 ; 6.2        ; x86_64         ;
+------------------------+------------------+-----------+------------+----------------+


------------
; Flow Log ;
------------
quartus_map --read_settings_files=on --write_settings_files=off LogicalStep_Lab2 -c LogicalStep_Lab2_top --analysis_and_elaboration
quartus_eda --gen_testbench --tool=modelsim_oem --format=verilog --write_settings_files=off LogicalStep_Lab2 -c LogicalStep_Lab2_top --vector_source=N:/ECE124Lab2/Waveform.vwf --testbench_file=N:/ECE124Lab2/simulation/qsim/Waveform.vwf.vt
quartus_eda --write_settings_files=off --functional=on --flatten_buses=off --simulation=on --tool=modelsim_oem --format=verilog --output_directory=N:/ECE124Lab2/simulation/qsim/ LogicalStep_Lab2 -c LogicalStep_Lab2_top
quartus_eda --gen_testbench --tool=modelsim_oem --format=verilog --write_settings_files=off LogicalStep_Lab2 -c LogicalStep_Lab2_top --vector_source=N:/ECE124Lab2/Waveform.vwf --testbench_file=N:/ECE124Lab2/simulation/qsim/Waveform.vwf.vt
quartus_eda --write_settings_files=off --functional=on --flatten_buses=off --simulation=on --tool=modelsim_oem --format=verilog --output_directory=N:/ECE124Lab2/simulation/qsim/ LogicalStep_Lab2 -c LogicalStep_Lab2_top
quartus_eda --gen_testbench --tool=modelsim_oem --format=verilog --write_settings_files=off LogicalStep_Lab2 -c LogicalStep_Lab2_top --vector_source=N:/ECE124Lab2/Waveform.vwf --testbench_file=N:/ECE124Lab2/simulation/qsim/Waveform.vwf.vt
quartus_eda --write_settings_files=off --functional=on --flatten_buses=off --simulation=on --tool=modelsim_oem --format=verilog --output_directory=N:/ECE124Lab2/simulation/qsim/ LogicalStep_Lab2 -c LogicalStep_Lab2_top
quartus_eda --gen_testbench --tool=modelsim_oem --format=verilog --write_settings_files=off LogicalStep_Lab2 -c LogicalStep_Lab2_top --vector_source=N:/ECE124Lab2/Waveform.vwf --testbench_file=N:/ECE124Lab2/simulation/qsim/Waveform.vwf.vt
quartus_eda --write_settings_files=off --functional=on --flatten_buses=off --simulation=on --tool=modelsim_oem --format=verilog --output_directory=N:/ECE124Lab2/simulation/qsim/ LogicalStep_Lab2 -c LogicalStep_Lab2_top
quartus_eda --gen_testbench --tool=modelsim_oem --format=verilog --write_settings_files=off LogicalStep_Lab2 -c LogicalStep_Lab2_top --vector_source=N:/ECE124Lab2/Waveform.vwf --testbench_file=N:/ECE124Lab2/simulation/qsim/Waveform.vwf.vt
quartus_eda --write_settings_files=off --functional=on --flatten_buses=off --simulation=on --tool=modelsim_oem --format=verilog --output_directory=N:/ECE124Lab2/simulation/qsim/ LogicalStep_Lab2 -c LogicalStep_Lab2_top
quartus_eda --gen_testbench --tool=modelsim_oem --format=verilog --write_settings_files=off LogicalStep_Lab2 -c LogicalStep_Lab2_top --vector_source=N:/ECE124Lab2/Waveform.vwf --testbench_file=N:/ECE124Lab2/simulation/qsim/Waveform.vwf.vt
quartus_eda --write_settings_files=off --functional=on --flatten_buses=off --simulation=on --tool=modelsim_oem --format=verilog --output_directory=N:/ECE124Lab2/simulation/qsim/ LogicalStep_Lab2 -c LogicalStep_Lab2_top
quartus_eda --gen_testbench --tool=modelsim_oem --format=verilog --write_settings_files=off LogicalStep_Lab2 -c LogicalStep_Lab2_top --vector_source=N:/ECE124Lab2/Waveform.vwf --testbench_file=N:/ECE124Lab2/simulation/qsim/Waveform.vwf.vt
quartus_eda --write_settings_files=off --functional=on --flatten_buses=off --simulation=on --tool=modelsim_oem --format=verilog --output_directory=N:/ECE124Lab2/simulation/qsim/ LogicalStep_Lab2 -c LogicalStep_Lab2_top
quartus_eda --gen_testbench --tool=modelsim_oem --format=verilog --write_settings_files=off LogicalStep_Lab2 -c LogicalStep_Lab2_top --vector_source=N:/ECE124Lab2/Waveform.vwf --testbench_file=N:/ECE124Lab2/simulation/qsim/Waveform.vwf.vt
quartus_eda --write_settings_files=off --functional=on --flatten_buses=off --simulation=on --tool=modelsim_oem --format=verilog --output_directory=N:/ECE124Lab2/simulation/qsim/ LogicalStep_Lab2 -c LogicalStep_Lab2_top



